<?xml version="1.0" encoding="UTF-8"?>
<testsuite xmlns:xsi="http://www.w3.org/2001/XMLSchema-instance" xsi:noNamespaceSchemaLocation="https://maven.apache.org/surefire/maven-failsafe-plugin/xsd/failsafe-test-report.xsd" name="com.lazerycode.selenium.tests.GoogleExampleIT" time="6.154" tests="2" errors="0" skipped="0" failures="1">
  <properties>
[...]
</properties>
  <testcase name="googleCheeseExample" classname="com.lazerycode.selenium.tests.GoogleExampleIT" time="3.042">
    <failure message="expected [Index Page] but found [Igndex Page]" type="java.lang.AssertionError">java.lang.AssertionError: expected [Index Page] but found [Igndex Page]
	at com.lazerycode.selenium.tests.GoogleExampleIT.googleCheeseExample(GoogleExampleIT.java:32)
</failure>
    <system-out><![CDATA[ 
Local Operating System: WINDOWS SERVER 2012 R2
Local Architecture: amd64
Selected Browser: chrome
Connecting to Selenium Grid: false
 
Page title is: Index Page
Written screenshot to C:\Users\Administrator\selenium\Selenium-Maven-Template\target/screenshots\1525562531998_googleCheeseExample.png
]]></system-out>
    <system-err><![CDATA[Starting ChromeDriver 2.37.544315 (730aa6a5fdba159ac9f4c1e8cbc59bf1b5ce12b7) on port 36256
Only local connections are allowed.
May 05, 2018 4:22:11 PM org.openqa.selenium.remote.ProtocolHandshake createSession
INFO: Detected dialect: OSS
]]></system-err>
  </testcase>
  <testcase name="googleMilkExample" classname="com.lazerycode.selenium.tests.GoogleExampleIT" time="2.102"/>
</testsuite>