<?xml version="1.0" encoding="UTF-8"?>
<!-- Generated by org.testng.reporters.JUnitXMLReporter -->
<testsuite hostname="WIN-KJO9BDKK7BU" ignored="0" name="Surefire test" tests="2" failures="1" timestamp="05 May 2018 23:22:14 GMT" time="5.318" errors="0">
  <testcase name="googleCheeseExample" time="2.899" classname="com.lazerycode.selenium.tests.GoogleExampleIT">
    <failure type="java.lang.AssertionError" message="expected [Index Page] but found [Igndex Page]">
      <![CDATA[java.lang.AssertionError: expected [Index Page] but found [Igndex Page]
at com.lazerycode.selenium.tests.GoogleExampleIT.googleCheeseExample(GoogleExampleIT.java:32)
at java.util.concurrent.ThreadPoolExecutor.runWorker(ThreadPoolExecutor.java:1149)
at java.util.concurrent.ThreadPoolExecutor$Worker.run(ThreadPoolExecutor.java:624)
at java.lang.Thread.run(Thread.java:748)
... Removed 16 stack frames]]>
    </failure>
  </testcase> <!-- googleCheeseExample -->
  <testcase name="googleMilkExample" time="2.101" classname="com.lazerycode.selenium.tests.GoogleExampleIT"/>
</testsuite> <!-- Surefire test -->
